<?xml version="1.0" encoding="UTF-8"?>
<testsuite xmlns:xsi="http://www.w3.org/2001/XMLSchema-instance" xsi:noNamespaceSchemaLocation="https://maven.apache.org/surefire/maven-surefire-plugin/xsd/surefire-test-report-3.0.xsd" version="3.0" name="com.ufvshares.backend.HelloControllerTest" time="14.236" tests="1" errors="0" skipped="0" failures="0">
  <properties>
[...]
</properties>
  <testcase name="hello_returnsMessageAndTimestamp" classname="com.ufvshares.backend.HelloControllerTest" time="2.235">
    <system-out><![CDATA[18:16:49.929 [main] INFO org.springframework.test.context.support.AnnotationConfigContextLoaderUtils -- Could not detect default configuration classes for test class [com.ufvshares.backend.HelloControllerTest]: HelloControllerTest does not declare any static, non-private, non-final, nested classes annotated with @Configuration.
18:16:50.339 [main] INFO org.springframework.boot.test.context.SpringBootTestContextBootstrapper -- Found @SpringBootConfiguration com.ufvshares.backend.BackendApplication for test class com.ufvshares.backend.HelloControllerTest

  .   ____          _            __ _ _
 /\\ / ___'_ __ _ _(_)_ __  __ _ \ \ \ \
( ( )\___ | '_ | '_| | '_ \/ _` | \ \ \ \
 \\/  ___)| |_)| | | | | || (_| |  ) ) ) )
  '  |____| .__|_| |_|_| |_\__, | / / / /
 =========|_|==============|___/=/_/_/_/

 :: Spring Boot ::                (v3.3.6)

2026-02-24T18:16:51.761+01:00  INFO 15224 --- [           main] c.ufvshares.backend.HelloControllerTest  : Starting HelloControllerTest using Java 21.0.8 with PID 15224 (started by gonde in C:\Users\gonde\OneDrive\Documentos\Tercer Curso\Segundo Cuatrimestre\Proyectos II\Aplicación\Proyectos_II\backend)
2026-02-24T18:16:51.772+01:00  INFO 15224 --- [           main] c.ufvshares.backend.HelloControllerTest  : No active profile set, falling back to 1 default profile: "default"
2026-02-24T18:16:53.995+01:00  INFO 15224 --- [           main] .s.d.r.c.RepositoryConfigurationDelegate : Bootstrapping Spring Data JPA repositories in DEFAULT mode.
2026-02-24T18:16:54.088+01:00  INFO 15224 --- [           main] .s.d.r.c.RepositoryConfigurationDelegate : Finished Spring Data repository scanning in 44 ms. Found 0 JPA repository interfaces.
2026-02-24T18:16:55.505+01:00  INFO 15224 --- [           main] com.zaxxer.hikari.HikariDataSource       : HikariPool-1 - Starting...
2026-02-24T18:16:56.179+01:00  INFO 15224 --- [           main] com.zaxxer.hikari.pool.HikariPool        : HikariPool-1 - Added connection conn0: url=jdbc:h2:mem:d5420109-c4a9-4938-8f7c-b30f89e4e792 user=SA
2026-02-24T18:16:56.182+01:00  INFO 15224 --- [           main] com.zaxxer.hikari.HikariDataSource       : HikariPool-1 - Start completed.
2026-02-24T18:16:56.339+01:00  INFO 15224 --- [           main] o.hibernate.jpa.internal.util.LogHelper  : HHH000204: Processing PersistenceUnitInfo [name: default]
2026-02-24T18:16:56.530+01:00  INFO 15224 --- [           main] org.hibernate.Version                    : HHH000412: Hibernate ORM core version 6.5.3.Final
2026-02-24T18:16:56.642+01:00  INFO 15224 --- [           main] o.h.c.internal.RegionFactoryInitiator    : HHH000026: Second-level cache disabled
2026-02-24T18:16:57.712+01:00  INFO 15224 --- [           main] o.s.o.j.p.SpringPersistenceUnitInfo      : No LoadTimeWeaver setup: ignoring JPA class transformer
2026-02-24T18:16:58.952+01:00  INFO 15224 --- [           main] o.h.e.t.j.p.i.JtaPlatformInitiator       : HHH000489: No JTA platform available (set 'hibernate.transaction.jta.platform' to enable JTA platform integration)
2026-02-24T18:16:58.968+01:00  INFO 15224 --- [           main] j.LocalContainerEntityManagerFactoryBean : Initialized JPA EntityManagerFactory for persistence unit 'default'
2026-02-24T18:16:59.801+01:00  WARN 15224 --- [           main] JpaBaseConfiguration$JpaWebConfiguration : spring.jpa.open-in-view is enabled by default. Therefore, database queries may be performed during view rendering. Explicitly configure spring.jpa.open-in-view to disable this warning
2026-02-24T18:17:01.168+01:00  INFO 15224 --- [           main] o.s.b.t.m.w.SpringBootMockServletContext : Initializing Spring TestDispatcherServlet ''
2026-02-24T18:17:01.168+01:00  INFO 15224 --- [           main] o.s.t.web.servlet.TestDispatcherServlet  : Initializing Servlet ''
2026-02-24T18:17:01.181+01:00  INFO 15224 --- [           main] o.s.t.web.servlet.TestDispatcherServlet  : Completed initialization in 2 ms
2026-02-24T18:17:01.259+01:00  INFO 15224 --- [           main] c.ufvshares.backend.HelloControllerTest  : Started HelloControllerTest in 10.374 seconds (process running for 13.736)
]]></system-out>
    <system-err><![CDATA[WARNING: A Java agent has been loaded dynamically (C:\Users\gonde\.m2\repository\net\bytebuddy\byte-buddy-agent\1.14.19\byte-buddy-agent-1.14.19.jar)
WARNING: If a serviceability tool is in use, please run with -XX:+EnableDynamicAgentLoading to hide this warning
WARNING: If a serviceability tool is not in use, please run with -Djdk.instrument.traceUsage for more information
WARNING: Dynamic loading of agents will be disallowed by default in a future release
]]></system-err>
  </testcase>
</testsuite>