<?xml version="1.0" encoding="UTF-8"?>
<testsuite xmlns:xsi="http://www.w3.org/2001/XMLSchema-instance" xsi:noNamespaceSchemaLocation="https://maven.apache.org/surefire/maven-surefire-plugin/xsd/surefire-test-report-3.0.xsd" version="3.0" name="com.ufvshares.backend.HelloControllerTest" time="4.61" tests="1" errors="0" skipped="0" failures="0">
  <properties>
[...]
</properties>
  <testcase name="hello_returnsMessageAndTimestamp" classname="com.ufvshares.backend.HelloControllerTest" time="1.435">
    <system-out><![CDATA[00:29:53.002 [main] INFO org.springframework.test.context.support.AnnotationConfigContextLoaderUtils -- Could not detect default configuration classes for test class [com.ufvshares.backend.HelloControllerTest]: HelloControllerTest does not declare any static, non-private, non-final, nested classes annotated with @Configuration.
00:29:53.205 [main] INFO org.springframework.boot.test.context.SpringBootTestContextBootstrapper -- Found @SpringBootConfiguration com.ufvshares.backend.BackendApplication for test class com.ufvshares.backend.HelloControllerTest

  .   ____          _            __ _ _
 /\\ / ___'_ __ _ _(_)_ __  __ _ \ \ \ \
( ( )\___ | '_ | '_| | '_ \/ _` | \ \ \ \
 \\/  ___)| |_)| | | | | || (_| |  ) ) ) )
  '  |____| .__|_| |_|_| |_\__, | / / / /
 =========|_|==============|___/=/_/_/_/

 :: Spring Boot ::                (v3.3.6)

2026-02-08T00:29:53.824+01:00  INFO 2944 --- [           main] c.ufvshares.backend.HelloControllerTest  : Starting HelloControllerTest using Java 21.0.8 with PID 2944 (started by pazos in C:\Users\pazos\Desktop\Proyectos II\Proyectos_II\backend)
2026-02-08T00:29:53.827+01:00  INFO 2944 --- [           main] c.ufvshares.backend.HelloControllerTest  : No active profile set, falling back to 1 default profile: "default"
2026-02-08T00:29:55.846+01:00  INFO 2944 --- [           main] o.s.b.t.m.w.SpringBootMockServletContext : Initializing Spring TestDispatcherServlet ''
2026-02-08T00:29:55.847+01:00  INFO 2944 --- [           main] o.s.t.web.servlet.TestDispatcherServlet  : Initializing Servlet ''
2026-02-08T00:29:55.850+01:00  INFO 2944 --- [           main] o.s.t.web.servlet.TestDispatcherServlet  : Completed initialization in 2 ms
2026-02-08T00:29:55.885+01:00  INFO 2944 --- [           main] c.ufvshares.backend.HelloControllerTest  : Started HelloControllerTest in 2.452 seconds (process running for 3.973)
]]></system-out>
    <system-err><![CDATA[WARNING: A Java agent has been loaded dynamically (C:\Users\pazos\.m2\repository\net\bytebuddy\byte-buddy-agent\1.14.19\byte-buddy-agent-1.14.19.jar)
WARNING: If a serviceability tool is in use, please run with -XX:+EnableDynamicAgentLoading to hide this warning
WARNING: If a serviceability tool is not in use, please run with -Djdk.instrument.traceUsage for more information
WARNING: Dynamic loading of agents will be disallowed by default in a future release
]]></system-err>
  </testcase>
</testsuite>